<?xml version="1.0" encoding="UTF-8"?>
<!-- Generated by org.testng.reporters.JUnitReportReporter -->
<testsuite skipped="0" hostname="DESKTOP-QRE9MKP" name="org.devops.udemy.demoproject.TestClass1" tests="3" failures="0" timestamp="11 Feb 2019 00:45:01 GMT" time="36.311" errors="0">
  <testcase name="Test1" time="13.964" classname="org.devops.udemy.demoproject.TestClass1"/>
  <testcase name="Test2" time="10.416" classname="org.devops.udemy.demoproject.TestClass1"/>
  <testcase name="Test3" time="11.931" classname="org.devops.udemy.demoproject.TestClass1"/>
</testsuite> <!-- org.devops.udemy.demoproject.TestClass1 -->
